#
# There is insufficient memory for the Java Runtime Environment to continue.
# Native memory allocation (mmap) failed to map 257949696 bytes for G1 virtual space
# Possible reasons:
#   The system is out of physical RAM or swap space
#   The process is running with CompressedOops enabled, and the Java Heap may be blocking the growth of the native heap
# Possible solutions:
#   Reduce memory load on the system
#   Increase physical memory or swap space
#   Check if swap backing store is full
#   Decrease Java heap size (-Xmx/-Xms)
#   Decrease number of Java threads
#   Decrease Java thread stack sizes (-Xss)
#   Set larger code cache with -XX:ReservedCodeCacheSize=
#   JVM is running with Zero Based Compressed Oops mode in which the Java heap is
#     placed in the first 32GB address space. The Java Heap base address is the
#     maximum limit for the native heap growth. Please use -XX:HeapBaseMinAddress
#     to set the Java Heap base and to place the Java Heap above 32GB virtual address.
# This output file may be truncated or incomplete.
#
#  Out of Memory Error (os_windows.cpp:3557), pid=9480, tid=12120
#
# JRE version:  (17.0.6+10) (build )
# Java VM: OpenJDK 64-Bit Server VM (17.0.6+10, mixed mode, sharing, tiered, compressed oops, compressed class ptrs, g1 gc, windows-amd64)
# No core dump will be written. Minidumps are not enabled by default on client versions of Windows
#

---------------  S U M M A R Y ------------

Command Line: -Dfile.encoding=UTF-8 -XX:+ShowCodeDetailsInExceptionMessages tnt4.Main

Host: AMD Ryzen 5 4600H with Radeon Graphics         , 12 cores, 15G,  Windows 10 , 64 bit Build 19041 (10.0.19041.3155)
Time: Tue Aug  1 22:10:09 2023  Windows 10 , 64 bit Build 19041 (10.0.19041.3155) elapsed time: 0.008317 seconds (0d 0h 0m 0s)

---------------  T H R E A D  ---------------

Current thread (0x000001ece75c8b90):  JavaThread "Unknown thread" [_thread_in_vm, id=12120, stack(0x000000742df00000,0x000000742e000000)]

Stack: [0x000000742df00000,0x000000742e000000]
Native frames: (J=compiled Java code, j=interpreted, Vv=VM code, C=native code)
V  [jvm.dll+0x67741a]
V  [jvm.dll+0x834434]
V  [jvm.dll+0x835bde]
V  [jvm.dll+0x836243]
V  [jvm.dll+0x2457b5]
V  [jvm.dll+0x674329]
V  [jvm.dll+0x6689da]
V  [jvm.dll+0x30489b]
V  [jvm.dll+0x30bd96]
V  [jvm.dll+0x35b57e]
V  [jvm.dll+0x35b7af]
V  [jvm.dll+0x2db778]
V  [jvm.dll+0x2dc6e4]
V  [jvm.dll+0x806131]
V  [jvm.dll+0x369331]
V  [jvm.dll+0x7e56ac]
V  [jvm.dll+0x3eb35f]
V  [jvm.dll+0x3ecea1]
C  [jli.dll+0x5267]
C  [ucrtbase.dll+0x21bb2]
C  [KERNEL32.DLL+0x17614]
C  [ntdll.dll+0x526b1]


---------------  P R O C E S S  ---------------

Threads class SMR info:
_java_thread_list=0x00007ffac02c5fd8, length=0, elements={
}

Java Threads: ( => current thread )

Other Threads:
  0x000001ece76332b0 GCTaskThread "GC Thread#0" [stack: 0x000000742e000000,0x000000742e100000] [id=12884]
  0x000001ece7643700 ConcurrentGCThread "G1 Main Marker" [stack: 0x000000742e100000,0x000000742e200000] [id=23716]
  0x000001ece76447c0 ConcurrentGCThread "G1 Conc#0" [stack: 0x000000742e200000,0x000000742e300000] [id=14656]

[error occurred during error reporting (printing all threads), id 0xc0000005, EXCEPTION_ACCESS_VIOLATION (0xc0000005) at pc=0x00007ffabfa9c1e7]

VM state: not at safepoint (not fully initialized)

VM Mutex/Monitor currently owned by a thread:  ([mutex/lock_event])
[0x000001ece75c39d0] Heap_lock - owner thread: 0x000001ece75c8b90

Heap address: 0x000000070a000000, size: 3936 MB, Compressed Oops mode: Zero based, Oop shift amount: 3

CDS archive(s) mapped at: [0x0000000000000000-0x0000000000000000-0x0000000000000000), size 0, SharedBaseAddress: 0x0000000800000000, ArchiveRelocationMode: 0.
Narrow klass base: 0x0000000000000000, Narrow klass shift: 0, Narrow klass range: 0x0

GC Precious Log:
<Empty>

Heap:
 garbage-first heap   total 0K, used 0K [0x000000070a000000, 0x0000000800000000)
  region size 2048K, 0 young (0K), 0 survivors (0K)

[error occurred during error reporting (printing heap information), id 0xc0000005, EXCEPTION_ACCESS_VIOLATION (0xc0000005) at pc=0x00007ffabfe806f9]

GC Heap History (0 events):
No events

Dll operation events (1 events):
Event: 0.004 Loaded shared library C:\Users\jkj02\Desktop\new\Java\eclipse\plugins\org.eclipse.justj.openjdk.hotspot.jre.full.win32.x86_64_17.0.6.v20230204-1729\jre\bin\java.dll

Deoptimization events (0 events):
No events

Classes unloaded (0 events):
No events

Classes redefined (0 events):
No events

Internal exceptions (0 events):
No events

VM Operations (0 events):
No events

Events (0 events):
No events


Dynamic libraries:
0x00007ff7e9b70000 - 0x00007ff7e9b7e000 	C:\Users\jkj02\Desktop\new\Java\eclipse\plugins\org.eclipse.justj.openjdk.hotspot.jre.full.win32.x86_64_17.0.6.v20230204-1729\jre\bin\javaw.exe
0x00007ffb04970000 - 0x00007ffb04b68000 	C:\WINDOWS\SYSTEM32\ntdll.dll
0x00007ffb02a80000 - 0x00007ffb02b3f000 	C:\WINDOWS\System32\KERNEL32.DLL
0x00007ffb02050000 - 0x00007ffb02346000 	C:\WINDOWS\System32\KERNELBASE.dll
0x00007ffb028d0000 - 0x00007ffb029d0000 	C:\WINDOWS\System32\ucrtbase.dll
0x00007ffaf46d0000 - 0x00007ffaf46e9000 	C:\Users\jkj02\Desktop\new\Java\eclipse\plugins\org.eclipse.justj.openjdk.hotspot.jre.full.win32.x86_64_17.0.6.v20230204-1729\jre\bin\VCRUNTIME140.dll
0x00007ffafaa50000 - 0x00007ffafaa67000 	C:\Users\jkj02\Desktop\new\Java\eclipse\plugins\org.eclipse.justj.openjdk.hotspot.jre.full.win32.x86_64_17.0.6.v20230204-1729\jre\bin\jli.dll
0x00007ffb02fc0000 - 0x00007ffb0315d000 	C:\WINDOWS\System32\USER32.dll
0x00007ffb028a0000 - 0x00007ffb028c2000 	C:\WINDOWS\System32\win32u.dll
0x00007ffaf0250000 - 0x00007ffaf04ea000 	C:\WINDOWS\WinSxS\amd64_microsoft.windows.common-controls_6595b64144ccf1df_6.0.19041.1110_none_60b5254171f9507e\COMCTL32.dll
0x00007ffb04280000 - 0x00007ffb042ac000 	C:\WINDOWS\System32\GDI32.dll
0x00007ffb03f70000 - 0x00007ffb0400e000 	C:\WINDOWS\System32\msvcrt.dll
0x00007ffb02780000 - 0x00007ffb02895000 	C:\WINDOWS\System32\gdi32full.dll
0x00007ffb026e0000 - 0x00007ffb0277d000 	C:\WINDOWS\System32\msvcp_win.dll
0x00007ffb041e0000 - 0x00007ffb04210000 	C:\WINDOWS\System32\IMM32.DLL
0x00007ffaf5300000 - 0x00007ffaf530c000 	C:\Users\jkj02\Desktop\new\Java\eclipse\plugins\org.eclipse.justj.openjdk.hotspot.jre.full.win32.x86_64_17.0.6.v20230204-1729\jre\bin\vcruntime140_1.dll
0x00007ffae47b0000 - 0x00007ffae4841000 	C:\Users\jkj02\Desktop\new\Java\eclipse\plugins\org.eclipse.justj.openjdk.hotspot.jre.full.win32.x86_64_17.0.6.v20230204-1729\jre\bin\msvcp140.dll
0x00007ffabf7b0000 - 0x00007ffac03f7000 	C:\Users\jkj02\Desktop\new\Java\eclipse\plugins\org.eclipse.justj.openjdk.hotspot.jre.full.win32.x86_64_17.0.6.v20230204-1729\jre\bin\server\jvm.dll
0x00007ffb04670000 - 0x00007ffb0471f000 	C:\WINDOWS\System32\ADVAPI32.dll
0x00007ffb03160000 - 0x00007ffb031fc000 	C:\WINDOWS\System32\sechost.dll
0x00007ffb04800000 - 0x00007ffb04926000 	C:\WINDOWS\System32\RPCRT4.dll
0x00007ffafec20000 - 0x00007ffafec29000 	C:\WINDOWS\SYSTEM32\WSOCK32.dll
0x00007ffaf7680000 - 0x00007ffaf76a7000 	C:\WINDOWS\SYSTEM32\WINMM.dll
0x00007ffaf9f80000 - 0x00007ffaf9f8a000 	C:\WINDOWS\SYSTEM32\VERSION.dll
0x00007ffb04210000 - 0x00007ffb0427b000 	C:\WINDOWS\System32\WS2_32.dll
0x00007ffafff00000 - 0x00007ffafff12000 	C:\WINDOWS\SYSTEM32\kernel.appcore.dll
0x00007ffafabb0000 - 0x00007ffafabba000 	C:\Users\jkj02\Desktop\new\Java\eclipse\plugins\org.eclipse.justj.openjdk.hotspot.jre.full.win32.x86_64_17.0.6.v20230204-1729\jre\bin\jimage.dll
0x00007ffaf1c50000 - 0x00007ffaf1e34000 	C:\WINDOWS\SYSTEM32\DBGHELP.DLL
0x00007ffaf1c10000 - 0x00007ffaf1c44000 	C:\WINDOWS\SYSTEM32\dbgcore.DLL
0x00007ffb02350000 - 0x00007ffb023d2000 	C:\WINDOWS\System32\bcryptPrimitives.dll
0x00007ffafa9f0000 - 0x00007ffafaa15000 	C:\Users\jkj02\Desktop\new\Java\eclipse\plugins\org.eclipse.justj.openjdk.hotspot.jre.full.win32.x86_64_17.0.6.v20230204-1729\jre\bin\java.dll

dbghelp: loaded successfully - version: 4.0.5 - missing functions: none
symbol engine: initialized successfully - sym options: 0x614 - pdb path: .;C:\Users\jkj02\Desktop\new\Java\eclipse\plugins\org.eclipse.justj.openjdk.hotspot.jre.full.win32.x86_64_17.0.6.v20230204-1729\jre\bin;C:\WINDOWS\SYSTEM32;C:\WINDOWS\WinSxS\amd64_microsoft.windows.common-controls_6595b64144ccf1df_6.0.19041.1110_none_60b5254171f9507e;C:\Users\jkj02\Desktop\new\Java\eclipse\plugins\org.eclipse.justj.openjdk.hotspot.jre.full.win32.x86_64_17.0.6.v20230204-1729\jre\bin\server

VM Arguments:
jvm_args: -Dfile.encoding=UTF-8 -XX:+ShowCodeDetailsInExceptionMessages 
java_command: tnt4.Main
java_class_path (initial): C:\work\초급 프로젝트\eclipse\tnt4_pro\target\classes;C:\Users\jkj02\.m2\repository\mysql\mysql-connector-java\8.0.22\mysql-connector-java-8.0.22.jar;C:\Users\jkj02\.m2\repository\com\google\protobuf\protobuf-java\3.11.4\protobuf-java-3.11.4.jar;C:\Users\jkj02\.m2\repository\org\projectlombok\lombok\1.18.26\lombok-1.18.26.jar
Launcher Type: SUN_STANDARD

[Global flags]
     intx CICompilerCount                          = 4                                         {product} {ergonomic}
     uint ConcGCThreads                            = 3                                         {product} {ergonomic}
     uint G1ConcRefinementThreads                  = 10                                        {product} {ergonomic}
   size_t G1HeapRegionSize                         = 2097152                                   {product} {ergonomic}
    uintx GCDrainStackTargetSize                   = 64                                        {product} {ergonomic}
   size_t InitialHeapSize                          = 257949696                                 {product} {ergonomic}
   size_t MarkStackSize                            = 4194304                                   {product} {ergonomic}
   size_t MaxHeapSize                              = 4127195136                                {product} {ergonomic}
   size_t MinHeapDeltaBytes                        = 2097152                                   {product} {ergonomic}
   size_t MinHeapSize                              = 8388608                                   {product} {ergonomic}
    uintx NonNMethodCodeHeapSize                   = 5839372                                {pd product} {ergonomic}
    uintx NonProfiledCodeHeapSize                  = 122909434                              {pd product} {ergonomic}
    uintx ProfiledCodeHeapSize                     = 122909434                              {pd product} {ergonomic}
    uintx ReservedCodeCacheSize                    = 251658240                              {pd product} {ergonomic}
     bool SegmentedCodeCache                       = true                                      {product} {ergonomic}
     bool ShowCodeDetailsInExceptionMessages       = true                                   {manageable} {command line}
   size_t SoftMaxHeapSize                          = 4127195136                             {manageable} {ergonomic}
     bool UseCompressedClassPointers               = true                           {product lp64_product} {ergonomic}
     bool UseCompressedOops                        = true                           {product lp64_product} {ergonomic}
     bool UseG1GC                                  = true                                      {product} {ergonomic}
     bool UseLargePagesIndividualAllocation        = false                                  {pd product} {ergonomic}

Logging:
Log output configuration:
 #0: stdout all=warning uptime,level,tags
 #1: stderr all=off uptime,level,tags

Environment Variables:
PATH=C:/Users/jkj02/Desktop/new/Java/eclipse//plugins/org.eclipse.justj.openjdk.hotspot.jre.full.win32.x86_64_17.0.6.v20230204-1729/jre/bin/server;C:/Users/jkj02/Desktop/new/Java/eclipse//plugins/org.eclipse.justj.openjdk.hotspot.jre.full.win32.x86_64_17.0.6.v20230204-1729/jre/bin;C:\Program Files\Common Files\Oracle\Java\javapath;C:\Program Files (x86)\Common Files\Oracle\Java\javapath;C:\WINDOWS\system32;C:\WINDOWS;C:\WINDOWS\System32\Wbem;C:\WINDOWS\System32\WindowsPowerShell\v1.0\;C:\WINDOWS\System32\OpenSSH\;C:\Program Files\Bandizip\;C:\Program Files\Java\jdk-20\bin;C:\Program Files\Git\cmd;C:\Users\jkj02\AppData\Local\Microsoft\WindowsApps;;C:\Users\jkj02\AppData\Local\Programs\Microsoft VS Code\bin;C:\Users\jkj02\Desktop\new\Java\eclipse;
USERNAME=jkj02
OS=Windows_NT
PROCESSOR_IDENTIFIER=AMD64 Family 23 Model 96 Stepping 1, AuthenticAMD
TMP=C:\Users\jkj02\AppData\Local\Temp
TEMP=C:\Users\jkj02\AppData\Local\Temp



---------------  S Y S T E M  ---------------

OS:
 Windows 10 , 64 bit Build 19041 (10.0.19041.3155)
OS uptime: 18 days 8:45 hours

CPU: total 12 (initial active 12) (12 cores per cpu, 2 threads per core) family 23 model 96 stepping 1 microcode 0x0, cx8, cmov, fxsr, ht, mmx, 3dnowpref, sse, sse2, sse3, ssse3, sse4a, sse4.1, sse4.2, popcnt, lzcnt, tsc, tscinvbit, avx, avx2, aes, clmul, bmi1, bmi2, adx, sha, fma, vzeroupper, clflush, clflushopt

Memory: 4k page, system-wide physical 15741M (7705M free)
TotalPageFile size 46032M (AvailPageFile size 131M)
current process WorkingSet (physical memory assigned to process): 10M, peak: 10M
current process commit charge ("private bytes"): 64M, peak: 310M

vm_info: OpenJDK 64-Bit Server VM (17.0.6+10) for windows-amd64 JRE (17.0.6+10), built on Jan 18 2023 10:08:59 by "temurin" with MS VC++ 16.7 (VS2019)

END.
